#
# A fatal error has been detected by the Java Runtime Environment:
#
#  SIGSEGV (0xb) at pc=0x000000010e6cbe40, pid=1310, tid=0x0000000000000103
#
# JRE version: Java(TM) SE Runtime Environment (8.0_202-b08) (build 1.8.0_202-b08)
# Java VM: Java HotSpot(TM) 64-Bit Server VM (25.202-b08 mixed mode bsd-amd64 compressed oops)
# Problematic frame:
# V  [libjvm.dylib+0x244e40]  Exceptions::throw_stack_overflow_exception(Thread*, char const*, int, methodHandle)+0xa8
#
# Failed to write core dump. Core dumps have been disabled. To enable core dumping, try "ulimit -c unlimited" before starting Java again
#
# If you would like to submit a bug report, please visit:
#   http://bugreport.java.com/bugreport/crash.jsp
#

---------------  T H R E A D  ---------------

Current thread is native thread

siginfo: si_signo: 11 (SIGSEGV), si_code: 1 (SEGV_MAPERR), si_addr: 0x0000000000000140

Registers:
RAX=0x0000000000000000, RBX=0x00000001700552c0, RCX=0x0000600001a1c020, RDX=0x0000000000000000
RSP=0x000000030e1c9060, RBP=0x000000030e1c90a0, RSI=0x0000000000000008, RDI=0x0000000000000102
R8 =0x00007fbe8927b000, R9 =0x000000030e1c93d8, R10=0x00000000fffffffe, R11=0x00007fbe280ab948
R12=0x000000010ea89529, R13=0x00007fbe8927b000, R14=0x0000600001a1c018, R15=0x0000000000000182
RIP=0x000000010e6cbe40, EFLAGS=0x0000000000000207, ERR=0x0000000000000004
  TRAPNO=0x000000000000000e

Top of Stack: (sp=0x000000030e1c9060)
0x000000030e1c9060:   00000001700552c0 0000000000000000
0x000000030e1c9070:   00000001700552c0 00000001700552c0
0x000000030e1c9080:   00007fbe8927b000 000000030e1c9320
0x000000030e1c9090:   00007fbe8927b000 000000000000000a
0x000000030e1c90a0:   000000030e1c9250 000000010e777bcc
0x000000030e1c90b0:   0000000000000000 0000000000000000
0x000000030e1c90c0:   0000000000000000 000000030e1c9420
0x000000030e1c90d0:   0000600001a1c010 0000000110351600
0x000000030e1c90e0:   0000000000000000 000000030e1c9280
0x000000030e1c90f0:   000000030e1c9418 00007fbe8927b000
0x000000030e1c9100:   0000000000000000 0000000000000000
0x000000030e1c9110:   0000000000000000 0000000000000000
0x000000030e1c9120:   0000000000000000 0000000000000000
0x000000030e1c9130:   0000000000000000 0000000000000000
0x000000030e1c9140:   0000000000000000 0000000000000000
0x000000030e1c9150:   0000000000000000 0000000000000000
0x000000030e1c9160:   0000000000000000 0000000000000000
0x000000030e1c9170:   0000000000000000 0000000000000000
0x000000030e1c9180:   0000000000000000 00000001700552c0
0x000000030e1c9190:   00007fbe8927b000 0000000000000000
0x000000030e1c91a0:   0000000000000000 0000000000000000
0x000000030e1c91b0:   0000000000000000 00000001700552c0
0x000000030e1c91c0:   00007fbe8927b000 00000001700552c0
0x000000030e1c91d0:   00007fbe8927b000 0000000000000000
0x000000030e1c91e0:   0000000000000000 00000001700552c0
0x000000030e1c91f0:   0000000000000000 0000000000000000
0x000000030e1c9200:   00000001700552c0 00000001700552c0
0x000000030e1c9210:   0000000110351600 000000030e1c9320
0x000000030e1c9220:   00000001700552c0 000000030e1c93d8
0x000000030e1c9230:   00007fbe8927b000 000000030e1c9320
0x000000030e1c9240:   00000001700552c0 000000010e7b031c
0x000000030e1c9250:   000000030e1c93c0 000000010e7af05c 

Instructions: (pc=0x000000010e6cbe40)
0x000000010e6cbe20:   c7 45 c8 00 00 00 00 74 27 48 8d 05 70 b8 5f 00
0x000000010e6cbe30:   48 63 38 e8 b8 c3 38 00 48 89 45 c8 48 89 5d d0
0x000000010e6cbe40:   48 8b b8 40 01 00 00 48 8d 75 d0 e8 80 15 f3 ff
0x000000010e6cbe50:   48 8d 75 c0 4c 89 f7 e8 9e 1f 0b 00 48 8b 45 c0 

Register to memory mapping:

RAX=0x0000000000000000 is an unknown value
RBX={method} {0x00000001700552c0} 'drawInCGLContext' '()V' in 'sun/java2d/opengl/CGLLayer'
RCX=0x0000600001a1c020 is an unknown value
RDX=0x0000000000000000 is an unknown value
RSP=0x000000030e1c9060 is an unknown value
RBP=0x000000030e1c90a0 is an unknown value
RSI=0x0000000000000008 is an unknown value
RDI=0x0000000000000102 is an unknown value
R8 =0x00007fbe8927b000 is a thread
R9 =0x000000030e1c93d8 is an unknown value
R10=0x00000000fffffffe is an unknown value
R11=0x00007fbe280ab948 is an unknown value
R12=0x000000010ea89529: _ZL24decode_instructions_name+0x13ea1 in /Library/Java/JavaVirtualMachines/jdk1.8.0_202.jdk/Contents/Home/jre/lib/server/libjvm.dylib at 0x000000010e487000
R13=0x00007fbe8927b000 is a thread
R14=0x0000600001a1c018 is an unknown value
R15=0x0000000000000182 is an unknown value


Stack: [0x000000030d9d2000,0x000000030e1d2000],  sp=0x000000030e1c9060,  free space=8156k
Native frames: (J=compiled Java code, j=interpreted, Vv=VM code, C=native code)
V  [libjvm.dylib+0x244e40]  Exceptions::throw_stack_overflow_exception(Thread*, char const*, int, methodHandle)+0xa8
V  [libjvm.dylib+0x2f0bcc]  JavaCalls::call_helper(JavaValue*, methodHandle*, JavaCallArguments*, Thread*)+0x55c
V  [libjvm.dylib+0x32805c]  jni_invoke_nonstatic(JNIEnv_*, JavaValue*, _jobject*, JNICallType, _jmethodID*, JNI_ArgumentPusher*, Thread*)+0x2ec
V  [libjvm.dylib+0x31a989]  jni_CallVoidMethodV+0xf8
C  [JavaNativeFoundation+0x620e]  JNFCallVoidMethod+0xaf
C  [libawt_lwawt.dylib+0x1bbd6]  -[CGLLayer drawInCGLContext:pixelFormat:forLayerTime:displayTime:]+0x11f
C  [QuartzCore+0xc06d5]  CAOpenGLLayerDraw(CAOpenGLLayer*, double, CVTimeStamp const*, unsigned int)+0x7dd
C  [QuartzCore+0xbfd1a]  -[CAOpenGLLayer _display]+0x249
C  [QuartzCore+0x212c8]  CA::Layer::display_if_needed(CA::Transaction*)+0x384
C  [QuartzCore+0x19a8da]  CA::Context::commit_transaction(CA::Transaction*, double, double*)+0x288
C  [QuartzCore+0x2119]  CA::Transaction::commit()+0x2d5
C  [QuartzCore+0x1cf72a]  CA::Transaction::flush_as_runloop_observer(bool)+0x80
C  [CoreFoundation+0x7e3f1]  __CFRUNLOOP_IS_CALLING_OUT_TO_AN_OBSERVER_CALLBACK_FUNCTION__+0x17
C  [CoreFoundation+0x7e319]  __CFRunLoopDoObservers+0x1e2
C  [CoreFoundation+0x7d9a2]  __CFRunLoopRun+0x499
C  [CoreFoundation+0x7ce8f]  CFRunLoopRunSpecific+0x230
C  [java+0x646e]  CreateExecutionEnvironment+0x367
C  [java+0x203c]  JLI_Launch+0x7a0
C  [java+0x84cb]  main+0x65
C  [java+0x1894]  start+0x34


---------------  P R O C E S S  ---------------

VM state:not at safepoint (normal execution)

VM Mutex/Monitor currently owned by a thread: None

heap address: 0x0000000740000000, size: 2048 MB, Compressed Oops mode: Zero based, Oop shift amount: 3
Narrow klass base: 0x0000000000000000, Narrow klass shift: 3
Compressed class space size: 1073741824 Address: 0x00000007c0000000

Heap:
 PSYoungGen      total 144896K, used 80686K [0x0000000795580000, 0x00000007a0180000, 0x00000007c0000000)
  eden space 119808K, 67% used [0x0000000795580000,0x000000079a44ba90,0x000000079ca80000)
  from space 25088K, 0% used [0x000000079e900000,0x000000079e900000,0x00000007a0180000)
  to   space 28160K, 0% used [0x000000079ca80000,0x000000079ca80000,0x000000079e600000)
 ParOldGen       total 109056K, used 34890K [0x0000000740000000, 0x0000000746a80000, 0x0000000795580000)
  object space 109056K, 31% used [0x0000000740000000,0x0000000742212ae8,0x0000000746a80000)
 Metaspace       used 42448K, capacity 43594K, committed 43736K, reserved 1087488K
  class space    used 5558K, capacity 5829K, committed 5888K, reserved 1048576K

Card table byte_map: [0x000000010da3b000,0x000000010de3c000] byte_map_base: 0x000000010a03b000

Marking Bits: (ParMarkBitMap*) 0x000000010ed82e40
 Begin Bits: [0x000000011f33e000, 0x000000012133e000)
 End Bits:   [0x000000012133e000, 0x000000012333e000)

Polling page: 0x000000010d50f000

CodeCache: size=245760Kb used=15316Kb max_used=15316Kb free=230443Kb
 bounds [0x000000011033e000, 0x000000011124e000, 0x000000011f33e000]
 total_blobs=5716 nmethods=4764 adapters=866
 compilation: enabled

Compilation events (10 events):
Event: 29.537 Thread 0x00007fbe88854000 5190       3       sun.java2d.pipe.Region::getInstanceXYWH (16 bytes)
Event: 29.538 Thread 0x00007fbe88854000 nmethod 5190 0x0000000111233890 code [0x0000000111233a20, 0x0000000111233eb0]
Event: 29.539 Thread 0x00007fbe88854000 5191       3       sun.java2d.SunGraphics2D::isHiDPIImage (29 bytes)
Event: 29.539 Thread 0x00007fbe88854000 nmethod 5191 0x0000000111232ed0 code [0x0000000111233080, 0x0000000111233708]
Event: 29.541 Thread 0x00007fbe88854000 5192       3       java.util.concurrent.CountDownLatch::getCount (9 bytes)
Event: 29.542 Thread 0x00007fbe88854000 nmethod 5192 0x00000001112329d0 code [0x0000000111232b40, 0x0000000111232e10]
Event: 29.542 Thread 0x00007fbe88854000 5193       3       java.util.concurrent.CountDownLatch$Sync::getCount (5 bytes)
Event: 29.542 Thread 0x00007fbe88854000 nmethod 5193 0x0000000111232610 code [0x0000000111232780, 0x0000000111232970]
Event: 29.550 Thread 0x00007fbe88854000 5194       1       sun.java2d.opengl.CGLSurfaceData::getDefaultScale (5 bytes)
Event: 29.550 Thread 0x00007fbe88854000 nmethod 5194 0x0000000111232350 code [0x00000001112324a0, 0x00000001112325b0]

GC Heap History (10 events):
Event: 14.706 GC heap before
{Heap before GC invocations=4 (full 0):
 PSYoungGen      total 38400K, used 6908K [0x0000000795580000, 0x0000000799c00000, 0x00000007c0000000)
  eden space 33280K, 5% used [0x0000000795580000,0x000000079573f318,0x0000000797600000)
  from space 5120K, 99% used [0x0000000797600000,0x0000000797afffb8,0x0000000797b00000)
  to   space 5120K, 0% used [0x0000000799700000,0x0000000799700000,0x0000000799c00000)
 ParOldGen       total 87552K, used 39889K [0x0000000740000000, 0x0000000745580000, 0x0000000795580000)
  object space 87552K, 45% used [0x0000000740000000,0x00000007426f4658,0x0000000745580000)
 Metaspace       used 20263K, capacity 21132K, committed 21248K, reserved 1067008K
  class space    used 2769K, capacity 3017K, committed 3072K, reserved 1048576K
Event: 14.714 GC heap after
Heap after GC invocations=4 (full 0):
 PSYoungGen      total 67072K, used 5109K [0x0000000795580000, 0x000000079a080000, 0x00000007c0000000)
  eden space 61952K, 0% used [0x0000000795580000,0x0000000795580000,0x0000000799200000)
  from space 5120K, 99% used [0x0000000799700000,0x0000000799bfd6a0,0x0000000799c00000)
  to   space 5120K, 0% used [0x0000000799200000,0x0000000799200000,0x0000000799700000)
 ParOldGen       total 87552K, used 40149K [0x0000000740000000, 0x0000000745580000, 0x0000000795580000)
  object space 87552K, 45% used [0x0000000740000000,0x0000000742735530,0x0000000745580000)
 Metaspace       used 20263K, capacity 21132K, committed 21248K, reserved 1067008K
  class space    used 2769K, capacity 3017K, committed 3072K, reserved 1048576K
}
Event: 14.714 GC heap before
{Heap before GC invocations=5 (full 1):
 PSYoungGen      total 67072K, used 5109K [0x0000000795580000, 0x000000079a080000, 0x00000007c0000000)
  eden space 61952K, 0% used [0x0000000795580000,0x0000000795580000,0x0000000799200000)
  from space 5120K, 99% used [0x0000000799700000,0x0000000799bfd6a0,0x0000000799c00000)
  to   space 5120K, 0% used [0x0000000799200000,0x0000000799200000,0x0000000799700000)
 ParOldGen       total 87552K, used 40149K [0x0000000740000000, 0x0000000745580000, 0x0000000795580000)
  object space 87552K, 45% used [0x0000000740000000,0x0000000742735530,0x0000000745580000)
 Metaspace       used 20263K, capacity 21132K, committed 21248K, reserved 1067008K
  class space    used 2769K, capacity 3017K, committed 3072K, reserved 1048576K
Event: 14.736 GC heap after
Heap after GC invocations=5 (full 1):
 PSYoungGen      total 67072K, used 0K [0x0000000795580000, 0x000000079a080000, 0x00000007c0000000)
  eden space 61952K, 0% used [0x0000000795580000,0x0000000795580000,0x0000000799200000)
  from space 5120K, 0% used [0x0000000799700000,0x0000000799700000,0x0000000799c00000)
  to   space 5120K, 0% used [0x0000000799200000,0x0000000799200000,0x0000000799700000)
 ParOldGen       total 91136K, used 30128K [0x0000000740000000, 0x0000000745900000, 0x0000000795580000)
  object space 91136K, 33% used [0x0000000740000000,0x0000000741d6c1a8,0x0000000745900000)
 Metaspace       used 20263K, capacity 21132K, committed 21248K, reserved 1067008K
  class space    used 2769K, capacity 3017K, committed 3072K, reserved 1048576K
}
Event: 15.281 GC heap before
{Heap before GC invocations=6 (full 1):
 PSYoungGen      total 67072K, used 61952K [0x0000000795580000, 0x000000079a080000, 0x00000007c0000000)
  eden space 61952K, 100% used [0x0000000795580000,0x0000000799200000,0x0000000799200000)
  from space 5120K, 0% used [0x0000000799700000,0x0000000799700000,0x0000000799c00000)
  to   space 5120K, 0% used [0x0000000799200000,0x0000000799200000,0x0000000799700000)
 ParOldGen       total 91136K, used 30128K [0x0000000740000000, 0x0000000745900000, 0x0000000795580000)
  object space 91136K, 33% used [0x0000000740000000,0x0000000741d6c1a8,0x0000000745900000)
 Metaspace       used 25371K, capacity 26266K, committed 26624K, reserved 1073152K
  class space    used 3491K, capacity 3724K, committed 3840K, reserved 1048576K
Event: 15.288 GC heap after
Heap after GC invocations=6 (full 1):
 PSYoungGen      total 67072K, used 5113K [0x0000000795580000, 0x00000007a0700000, 0x00000007c0000000)
  eden space 61952K, 0% used [0x0000000795580000,0x0000000795580000,0x0000000799200000)
  from space 5120K, 99% used [0x0000000799200000,0x00000007996fe688,0x0000000799700000)
  to   space 30720K, 0% used [0x000000079e900000,0x000000079e900000,0x00000007a0700000)
 ParOldGen       total 91136K, used 30619K [0x0000000740000000, 0x0000000745900000, 0x0000000795580000)
  object space 91136K, 33% used [0x0000000740000000,0x0000000741de6ec0,0x0000000745900000)
 Metaspace       used 25371K, capacity 26266K, committed 26624K, reserved 1073152K
  class space    used 3491K, capacity 3724K, committed 3840K, reserved 1048576K
}
Event: 16.140 GC heap before
{Heap before GC invocations=7 (full 1):
 PSYoungGen      total 67072K, used 63267K [0x0000000795580000, 0x00000007a0700000, 0x00000007c0000000)
  eden space 61952K, 93% used [0x0000000795580000,0x0000000798e4a6f8,0x0000000799200000)
  from space 5120K, 99% used [0x0000000799200000,0x00000007996fe688,0x0000000799700000)
  to   space 30720K, 0% used [0x000000079e900000,0x000000079e900000,0x00000007a0700000)
 ParOldGen       total 91136K, used 30619K [0x0000000740000000, 0x0000000745900000, 0x0000000795580000)
  object space 91136K, 33% used [0x0000000740000000,0x0000000741de6ec0,0x0000000745900000)
 Metaspace       used 34299K, capacity 35176K, committed 35416K, reserved 1079296K
  class space    used 4429K, capacity 4678K, committed 4736K, reserved 1048576K
Event: 16.146 GC heap after
Heap after GC invocations=7 (full 1):
 PSYoungGen      total 144896K, used 10391K [0x0000000795580000, 0x00000007a0180000, 0x00000007c0000000)
  eden space 119808K, 0% used [0x0000000795580000,0x0000000795580000,0x000000079ca80000)
  from space 25088K, 41% used [0x000000079e900000,0x000000079f325ce0,0x00000007a0180000)
  to   space 28160K, 0% used [0x000000079ca80000,0x000000079ca80000,0x000000079e600000)
 ParOldGen       total 91136K, used 30627K [0x0000000740000000, 0x0000000745900000, 0x0000000795580000)
  object space 91136K, 33% used [0x0000000740000000,0x0000000741de8ec0,0x0000000745900000)
 Metaspace       used 34299K, capacity 35176K, committed 35416K, reserved 1079296K
  class space    used 4429K, capacity 4678K, committed 4736K, reserved 1048576K
}
Event: 16.146 GC heap before
{Heap before GC invocations=8 (full 2):
 PSYoungGen      total 144896K, used 10391K [0x0000000795580000, 0x00000007a0180000, 0x00000007c0000000)
  eden space 119808K, 0% used [0x0000000795580000,0x0000000795580000,0x000000079ca80000)
  from space 25088K, 41% used [0x000000079e900000,0x000000079f325ce0,0x00000007a0180000)
  to   space 28160K, 0% used [0x000000079ca80000,0x000000079ca80000,0x000000079e600000)
 ParOldGen       total 91136K, used 30627K [0x0000000740000000, 0x0000000745900000, 0x0000000795580000)
  object space 91136K, 33% used [0x0000000740000000,0x0000000741de8ec0,0x0000000745900000)
 Metaspace       used 34299K, capacity 35176K, committed 35416K, reserved 1079296K
  class space    used 4429K, capacity 4678K, committed 4736K, reserved 1048576K
Event: 16.182 GC heap after
Heap after GC invocations=8 (full 2):
 PSYoungGen      total 144896K, used 0K [0x0000000795580000, 0x00000007a0180000, 0x00000007c0000000)
  eden space 119808K, 0% used [0x0000000795580000,0x0000000795580000,0x000000079ca80000)
  from space 25088K, 0% used [0x000000079e900000,0x000000079e900000,0x00000007a0180000)
  to   space 28160K, 0% used [0x000000079ca80000,0x000000079ca80000,0x000000079e600000)
 ParOldGen       total 109056K, used 34890K [0x0000000740000000, 0x0000000746a80000, 0x0000000795580000)
  object space 109056K, 31% used [0x0000000740000000,0x0000000742212ae8,0x0000000746a80000)
 Metaspace       used 34299K, capacity 35176K, committed 35416K, reserved 1079296K
  class space    used 4429K, capacity 4678K, committed 4736K, reserved 1048576K
}

Deoptimization events (10 events):
Event: 23.293 Thread 0x00007fbe8927b000 Uncommon trap: reason=array_check action=maybe_recompile pc=0x00000001110bc648 method=com.sun.javafx.css.SimpleSelector.applies(Ljavafx/css/Styleable;[Ljava/util/Set;I)Z @ 37
Event: 23.294 Thread 0x00007fbe8927b000 Uncommon trap: reason=array_check action=maybe_recompile pc=0x00000001110b0c38 method=com.sun.javafx.css.SimpleSelector.applies(Ljavafx/css/Styleable;[Ljava/util/Set;I)Z @ 37
Event: 27.589 Thread 0x00007fbe8927b000 Uncommon trap: reason=predicate action=maybe_recompile pc=0x0000000110948ee8 method=java.util.ArrayList.remove(Ljava/lang/Object;)Z @ 49
Event: 27.594 Thread 0x00007fbe8927b000 Uncommon trap: reason=unstable_if action=reinterpret pc=0x00000001111e8604 method=javafx.scene.CssStyleHelper.createStyleHelper(Ljavafx/scene/Node;)Ljavafx/scene/CssStyleHelper; @ 67
Event: 27.635 Thread 0x00007fbe8927b000 Uncommon trap: reason=class_check action=maybe_recompile pc=0x0000000111018b44 method=java.util.Hashtable.put(Ljava/lang/Object;Ljava/lang/Object;)Ljava/lang/Object; @ 60
Event: 27.636 Thread 0x00007fbe8927b000 Uncommon trap: reason=class_check action=maybe_recompile pc=0x0000000111018b44 method=java.util.Hashtable.put(Ljava/lang/Object;Ljava/lang/Object;)Ljava/lang/Object; @ 60
Event: 27.639 Thread 0x00007fbe8927b000 Uncommon trap: reason=unstable_if action=reinterpret pc=0x000000011082f8c8 method=com.sun.javafx.geom.transform.AffineBase.updateState2D()V @ 33
Event: 27.639 Thread 0x00007fbe8927b000 Uncommon trap: reason=class_check action=maybe_recompile pc=0x0000000110b5be18 method=javafx.scene.Node.getGeomBounds(Lcom/sun/javafx/geom/BaseBounds;Lcom/sun/javafx/geom/transform/BaseTransform;)Lcom/sun/javafx/geom/BaseBounds; @ 123
Event: 27.640 Thread 0x00007fbe8927b000 Uncommon trap: reason=class_check action=maybe_recompile pc=0x0000000110b5be18 method=javafx.scene.Node.getGeomBounds(Lcom/sun/javafx/geom/BaseBounds;Lcom/sun/javafx/geom/transform/BaseTransform;)Lcom/sun/javafx/geom/BaseBounds; @ 123
Event: 27.829 Thread 0x00007fbe8a279800 Uncommon trap: reason=predicate action=maybe_recompile pc=0x000000011048aff8 method=java.util.Arrays.binarySearch0([Ljava/lang/Object;IILjava/lang/Object;Ljava/util/Comparator;)I @ 28

Classes redefined (0 events):
No events

Internal exceptions (10 events):
Event: 25.941 Thread 0x00007fbe8927b000 Exception <a 'java/io/FileNotFoundException'> (0x00000007990cf7e0) thrown at [/Users/java_re/workspace/8-2-build-macosx-x86_64/jdk8u202/12323/hotspot/src/share/vm/prims/jni.cpp, line 710]
Event: 25.942 Thread 0x00007fbe8927b000 Exception <a 'java/io/FileNotFoundException'> (0x00000007990eb530) thrown at [/Users/java_re/workspace/8-2-build-macosx-x86_64/jdk8u202/12323/hotspot/src/share/vm/prims/jni.cpp, line 710]
Event: 25.943 Thread 0x00007fbe8927b000 Exception <a 'java/io/FileNotFoundException'> (0x0000000799107328) thrown at [/Users/java_re/workspace/8-2-build-macosx-x86_64/jdk8u202/12323/hotspot/src/share/vm/prims/jni.cpp, line 710]
Event: 25.944 Thread 0x00007fbe8927b000 Exception <a 'java/io/FileNotFoundException'> (0x00000007991230a8) thrown at [/Users/java_re/workspace/8-2-build-macosx-x86_64/jdk8u202/12323/hotspot/src/share/vm/prims/jni.cpp, line 710]
Event: 25.948 Thread 0x00007fbe8927b000 Exception <a 'java/io/FileNotFoundException'> (0x000000079914d258) thrown at [/Users/java_re/workspace/8-2-build-macosx-x86_64/jdk8u202/12323/hotspot/src/share/vm/prims/jni.cpp, line 710]
Event: 27.543 Thread 0x00007fbe8927b000 Exception <a 'java/io/FileNotFoundException'> (0x00000007998f8990) thrown at [/Users/java_re/workspace/8-2-build-macosx-x86_64/jdk8u202/12323/hotspot/src/share/vm/prims/jni.cpp, line 710]
Event: 27.574 Thread 0x00007fbe8927b000 Exception <a 'java/io/FileNotFoundException'> (0x0000000799904180) thrown at [/Users/java_re/workspace/8-2-build-macosx-x86_64/jdk8u202/12323/hotspot/src/share/vm/prims/jni.cpp, line 710]
Event: 27.586 Thread 0x00007fbe8927b000 Exception <a 'java/io/FileNotFoundException'> (0x0000000799a9d018) thrown at [/Users/java_re/workspace/8-2-build-macosx-x86_64/jdk8u202/12323/hotspot/src/share/vm/prims/jni.cpp, line 710]
Event: 27.588 Thread 0x00007fbe8927b000 Exception <a 'java/io/FileNotFoundException'> (0x0000000799ab3938) thrown at [/Users/java_re/workspace/8-2-build-macosx-x86_64/jdk8u202/12323/hotspot/src/share/vm/prims/jni.cpp, line 710]
Event: 27.588 Thread 0x00007fbe8927b000 Exception <a 'java/io/FileNotFoundException'> (0x0000000799aca248) thrown at [/Users/java_re/workspace/8-2-build-macosx-x86_64/jdk8u202/12323/hotspot/src/share/vm/prims/jni.cpp, line 710]

Events (10 events):
Event: 29.534 loading class javafx/application/Application done
Event: 29.540 loading class com/sun/javafx/tk/quantum/QuantumRenderer
Event: 29.540 loading class com/sun/javafx/tk/quantum/QuantumRenderer done
Event: 29.541 loading class com/sun/javafx/tk/quantum/QuantumToolkit
Event: 29.541 loading class com/sun/javafx/tk/quantum/QuantumToolkit done
Event: 29.541 Thread 0x00007fbe892f2000 Thread exited: 0x00007fbe892f2000
Event: 29.541 Thread 0x00007fbe8927b000 Thread exited: 0x00007fbe8927b000
Event: 29.541 Thread 0x00007fbe8980a000 Thread exited: 0x00007fbe8980a000
Event: 29.543 Thread 0x00007fbe8927b000 Thread added: 0x00007fbe8927b000
Event: 29.543 Thread 0x00007fbe8a279800 Thread exited: 0x00007fbe8a279800


Dynamic libraries:
0x00007ff828234000 	/System/Library/Frameworks/Cocoa.framework/Versions/A/Cocoa
0x00007ff812d8f000 	/System/Library/Frameworks/AppKit.framework/Versions/C/AppKit
0x00007ff815a46000 	/System/Library/Frameworks/CoreData.framework/Versions/A/CoreData
0x00007ff810a7c000 	/System/Library/Frameworks/Foundation.framework/Versions/C/Foundation
0x00007ff81bdf2000 	/usr/lib/libSystem.B.dylib
0x00007ff813d97000 	/System/Library/PrivateFrameworks/UIFoundation.framework/Versions/A/UIFoundation
0x00007ffb0fd9a000 	/System/Library/PrivateFrameworks/CollectionViewCore.framework/Versions/A/CollectionViewCore
0x00007ff822233000 	/System/Library/PrivateFrameworks/RemoteViewServices.framework/Versions/A/RemoteViewServices
0x00007ff819eac000 	/System/Library/PrivateFrameworks/XCTTargetBootstrap.framework/Versions/A/XCTTargetBootstrap
0x00007ff81dd1f000 	/System/Library/PrivateFrameworks/InternationalSupport.framework/Versions/A/InternationalSupport
0x00007ff81dda8000 	/System/Library/PrivateFrameworks/UserActivity.framework/Versions/A/UserActivity
0x00007ffb26000000 	/System/Library/PrivateFrameworks/WindowManagement.framework/Versions/A/WindowManagement
0x00007ff810768000 	/System/Library/Frameworks/SystemConfiguration.framework/Versions/A/SystemConfiguration
0x00007ff81d11d000 	/usr/lib/libspindump.dylib
0x00007ff813f65000 	/System/Library/Frameworks/UniformTypeIdentifiers.framework/Versions/A/UniformTypeIdentifiers
0x00007ff81838c000 	/usr/lib/libapp_launch_measurement.dylib
0x00007ff817001000 	/System/Library/PrivateFrameworks/CoreAnalytics.framework/Versions/A/CoreAnalytics
0x00007ff81838f000 	/System/Library/PrivateFrameworks/CoreAutoLayout.framework/Versions/A/CoreAutoLayout
0x00007ff819720000 	/System/Library/Frameworks/Metal.framework/Versions/A/Metal
0x00007ff81a672000 	/usr/lib/liblangid.dylib
0x00007ff819eb1000 	/System/Library/PrivateFrameworks/CoreSVG.framework/Versions/A/CoreSVG
0x00007ff81489c000 	/System/Library/PrivateFrameworks/SkyLight.framework/Versions/A/SkyLight
0x00007ff814c86000 	/System/Library/Frameworks/CoreGraphics.framework/Versions/A/CoreGraphics
0x00007ff822905000 	/System/Library/Frameworks/Accelerate.framework/Versions/A/Accelerate
0x00007ff81cb92000 	/System/Library/PrivateFrameworks/IconServices.framework/Versions/A/IconServices
0x00007ff819703000 	/System/Library/Frameworks/IOSurface.framework/Versions/A/IOSurface
0x00007ff81702b000 	/usr/lib/libDiagnosticMessagesClient.dylib
0x00007ff81bd08000 	/usr/lib/libz.1.dylib
0x00007ff825e4d000 	/System/Library/Frameworks/ApplicationServices.framework/Versions/A/ApplicationServices
0x00007ff819e98000 	/System/Library/PrivateFrameworks/DFRFoundation.framework/Versions/A/DFRFoundation
0x00007ff812657000 	/usr/lib/libicucore.A.dylib
0x00007ff81ebc1000 	/System/Library/Frameworks/AudioToolbox.framework/Versions/A/AudioToolbox
0x00007ff81dd2a000 	/System/Library/PrivateFrameworks/DataDetectorsCore.framework/Versions/A/DataDetectorsCore
0x00007ff917506000 	/System/Library/PrivateFrameworks/TextInput.framework/Versions/A/TextInput
0x00007ff814811000 	/usr/lib/libMobileGestalt.dylib
0x00007ff819ba0000 	/System/Library/Frameworks/Carbon.framework/Versions/A/Frameworks/HIToolbox.framework/Versions/A/HIToolbox
0x00007ff817d2e000 	/System/Library/Frameworks/QuartzCore.framework/Versions/A/QuartzCore
0x00007ff8122d6000 	/System/Library/Frameworks/Security.framework/Versions/A/Security
0x00007ff82226b000 	/System/Library/Frameworks/Carbon.framework/Versions/A/Frameworks/SpeechRecognition.framework/Versions/A/SpeechRecognition
0x00007ff8180cc000 	/System/Library/PrivateFrameworks/CoreUI.framework/Versions/A/CoreUI
0x00007ff811bb8000 	/System/Library/Frameworks/CoreAudio.framework/Versions/A/CoreAudio
0x00007ff817105000 	/System/Library/Frameworks/DiskArbitration.framework/Versions/A/DiskArbitration
0x00007ff81d53a000 	/System/Library/PrivateFrameworks/MultitouchSupport.framework/Versions/A/MultitouchSupport
0x00007ff814810000 	/usr/lib/libenergytrace.dylib
0x00007ff812c71000 	/System/Library/Frameworks/IOKit.framework/Versions/A/IOKit
0x00007ff822664000 	/System/Library/Frameworks/CoreServices.framework/Versions/A/CoreServices
0x00007ff818324000 	/System/Library/PrivateFrameworks/PerformanceAnalysis.framework/Versions/A/PerformanceAnalysis
0x00007ffa25d4c000 	/System/Library/Frameworks/OpenGL.framework/Versions/A/OpenGL
0x00007ff8183d7000 	/usr/lib/libxml2.2.dylib
0x00007ff81b27e000 	/System/Library/PrivateFrameworks/MobileKeyBag.framework/Versions/A/MobileKeyBag
0x00007ff80f8f8000 	/usr/lib/libobjc.A.dylib
0x00007ff80fbbe000 	/usr/lib/libc++.1.dylib
0x00007ff8154a8000 	/System/Library/Frameworks/ColorSync.framework/Versions/A/ColorSync
0x00007ff80fcc9000 	/System/Library/Frameworks/CoreFoundation.framework/Versions/A/CoreFoundation
0x00007ff81a24f000 	/System/Library/Frameworks/CoreImage.framework/Versions/A/CoreImage
0x00007ff8119c9000 	/System/Library/Frameworks/CoreText.framework/Versions/A/CoreText
0x00007ff819eec000 	/System/Library/Frameworks/ImageIO.framework/Versions/A/ImageIO
0x00007ff81bdf8000 	/System/Library/PrivateFrameworks/SoftLinking.framework/Versions/A/SoftLinking
0x00007ff81c078000 	/usr/lib/libcompression.dylib
0x00007ff81dc51000 	/System/Library/PrivateFrameworks/TextureIO.framework/Versions/A/TextureIO
0x00007ff81c7c2000 	/usr/lib/libate.dylib
0x00007ff81bded000 	/usr/lib/system/libcache.dylib
0x00007ff81bda8000 	/usr/lib/system/libcommonCrypto.dylib
0x00007ff81bdd1000 	/usr/lib/system/libcompiler_rt.dylib
0x00007ff81bdc7000 	/usr/lib/system/libcopyfile.dylib
0x00007ff80fa27000 	/usr/lib/system/libcorecrypto.dylib
0x00007ff80faeb000 	/usr/lib/system/libdispatch.dylib
0x00007ff80fc73000 	/usr/lib/system/libdyld.dylib
0x00007ff81bde3000 	/usr/lib/system/libkeymgr.dylib
0x00007ff81bd87000 	/usr/lib/system/libmacho.dylib
0x00007ff81b36b000 	/usr/lib/system/libquarantine.dylib
0x00007ff81bde1000 	/usr/lib/system/libremovefile.dylib
0x00007ff81486a000 	/usr/lib/system/libsystem_asl.dylib
0x00007ff80f9c9000 	/usr/lib/system/libsystem_blocks.dylib
0x00007ff80fb35000 	/usr/lib/system/libsystem_c.dylib
0x00007ff81bdd9000 	/usr/lib/system/libsystem_collections.dylib
0x00007ff81a663000 	/usr/lib/system/libsystem_configuration.dylib
0x00007ff8196d4000 	/usr/lib/system/libsystem_containermanager.dylib
0x00007ff81ba49000 	/usr/lib/system/libsystem_coreservices.dylib
0x00007ff8128eb000 	/usr/lib/system/libsystem_darwin.dylib
0x00007ff81bde4000 	/usr/lib/system/libsystem_dnssd.dylib
0x00007ff80fb32000 	/usr/lib/system/libsystem_featureflags.dylib
0x00007ff80fc9e000 	/usr/lib/system/libsystem_info.dylib
0x00007ff81bd1b000 	/usr/lib/system/libsystem_m.dylib
0x00007ff80fabe000 	/usr/lib/system/libsystem_malloc.dylib
0x00007ff8147f9000 	/usr/lib/system/libsystem_networkextension.dylib
0x00007ff812d30000 	/usr/lib/system/libsystem_notify.dylib
0x00007ff81a667000 	/usr/lib/system/libsystem_sandbox.dylib
0x00007ff81bdde000 	/usr/lib/system/libsystem_secinit.dylib
0x00007ff80fc2d000 	/usr/lib/system/libsystem_kernel.dylib
0x00007ff80fc94000 	/usr/lib/system/libsystem_platform.dylib
0x00007ff80fc67000 	/usr/lib/system/libsystem_pthread.dylib
0x00007ff8162ba000 	/usr/lib/system/libsystem_symptoms.dylib
0x00007ff80fa0d000 	/usr/lib/system/libsystem_trace.dylib
0x00007ff81bdb4000 	/usr/lib/system/libunwind.dylib
0x00007ff80f9cd000 	/usr/lib/system/libxpc.dylib
0x00007ff80fc17000 	/usr/lib/libc++abi.dylib
0x00007ff81bdbf000 	/usr/lib/liboah.dylib
0x00007ff81c553000 	/usr/lib/liblzma.5.dylib
0x00007ff81bdf4000 	/usr/lib/libfakelink.dylib
0x00007ff814453000 	/System/Library/Frameworks/CFNetwork.framework/Versions/A/CFNetwork
0x00007ff81bf31000 	/usr/lib/libarchive.2.dylib
0x00007ff82050c000 	/System/Library/Frameworks/Combine.framework/Versions/A/Combine
0x00007ff81e639000 	/usr/lib/swift/libswiftCore.dylib
0x00007ff914552000 	/usr/lib/swift/libswiftCoreFoundation.dylib
0x00007ff91252b000 	/usr/lib/swift/libswiftDarwin.dylib
0x00007ff823e81000 	/usr/lib/swift/libswiftDispatch.dylib
0x00007ff91456e000 	/usr/lib/swift/libswiftIOKit.dylib
0x00007ff826282000 	/usr/lib/swift/libswiftObjectiveC.dylib
0x00007ff914563000 	/usr/lib/swift/libswiftXPC.dylib
0x00007ffb2c8d5000 	/usr/lib/swift/libswift_Concurrency.dylib
0x00007ffb2ca14000 	/usr/lib/swift/libswift_StringProcessing.dylib
0x00007ff826286000 	/usr/lib/swift/libswiftos.dylib
0x00007ff812bf2000 	/System/Library/PrivateFrameworks/CoreServicesInternal.framework/Versions/A/CoreServicesInternal
0x00007ff81b392000 	/usr/lib/libbsm.0.dylib
0x00007ff81bd8c000 	/usr/lib/system/libkxld.dylib
0x00007ff818358000 	/System/Library/Frameworks/CoreServices.framework/Versions/A/Frameworks/FSEvents.framework/Versions/A/FSEvents
0x00007ff8128f6000 	/System/Library/Frameworks/CoreServices.framework/Versions/A/Frameworks/CarbonCore.framework/Versions/A/CarbonCore
0x00007ff81706e000 	/System/Library/Frameworks/CoreServices.framework/Versions/A/Frameworks/Metadata.framework/Versions/A/Metadata
0x00007ff81ba4f000 	/System/Library/Frameworks/CoreServices.framework/Versions/A/Frameworks/OSServices.framework/Versions/A/OSServices
0x00007ff81bfb9000 	/System/Library/Frameworks/CoreServices.framework/Versions/A/Frameworks/SearchKit.framework/Versions/A/SearchKit
0x00007ff816241000 	/System/Library/Frameworks/CoreServices.framework/Versions/A/Frameworks/AE.framework/Versions/A/AE
0x00007ff810161000 	/System/Library/Frameworks/CoreServices.framework/Versions/A/Frameworks/LaunchServices.framework/Versions/A/LaunchServices
0x00007ff81c504000 	/System/Library/Frameworks/CoreServices.framework/Versions/A/Frameworks/DictionaryServices.framework/Versions/A/DictionaryServices
0x00007ff818365000 	/System/Library/Frameworks/CoreServices.framework/Versions/A/Frameworks/SharedFileList.framework/Versions/A/SharedFileList
0x00007ff81c045000 	/usr/lib/libapple_nghttp2.dylib
0x00007ff81444f000 	/usr/lib/libnetwork.dylib
0x00007ff815ebf000 	/usr/lib/libsqlite3.dylib
0x00007ff8162c2000 	/System/Library/Frameworks/Network.framework/Versions/A/Network
0x00007ffb2b8c4000 	/usr/lib/libCoreEntitlements.dylib
0x00007ffb19255000 	/System/Library/PrivateFrameworks/MessageSecurity.framework/Versions/A/MessageSecurity
0x00007ff815ea6000 	/System/Library/PrivateFrameworks/ProtocolBuffer.framework/Versions/A/ProtocolBuffer
0x00007ff81ba29000 	/System/Library/PrivateFrameworks/AppleFSCompression.framework/Versions/A/AppleFSCompression
0x00007ff81b37a000 	/usr/lib/libcoretls.dylib
0x00007ff81c56d000 	/usr/lib/libcoretls_cfhelpers.dylib
0x00007ff81c072000 	/usr/lib/libpam.2.dylib
0x00007ff81c5da000 	/usr/lib/libxar.1.dylib
0x00007ff81cb6e000 	/usr/lib/libheimdal-asn1.dylib
0x00007ff81bdf9000 	/usr/lib/libpcap.A.dylib
0x00007ff8162b1000 	/usr/lib/libdns_services.dylib
0x00007ff81a66e000 	/System/Library/PrivateFrameworks/AppleSystemInfo.framework/Versions/A/AppleSystemInfo
0x00007ff81b087000 	/System/Library/PrivateFrameworks/IOMobileFramebuffer.framework/Versions/A/IOMobileFramebuffer
0x00007ff81ba39000 	/usr/lib/libbz2.1.0.dylib
0x00007ff81b36e000 	/usr/lib/libCheckFix.dylib
0x00007ff814881000 	/System/Library/PrivateFrameworks/TCC.framework/Versions/A/TCC
0x00007ff81a674000 	/System/Library/PrivateFrameworks/CoreNLP.framework/Versions/A/CoreNLP
0x00007ff81702d000 	/System/Library/PrivateFrameworks/MetadataUtilities.framework/Versions/A/MetadataUtilities
0x00007ff81b3a2000 	/usr/lib/libmecab.dylib
0x00007ff8107e7000 	/usr/lib/libCRFSuite.dylib
0x00007ff81b3fc000 	/usr/lib/libgermantok.dylib
0x00007ff81c020000 	/usr/lib/libThaiTokenizer.dylib
0x00007ff81710d000 	/System/Library/Frameworks/Accelerate.framework/Versions/A/Frameworks/vImage.framework/Versions/A/vImage
0x00007ff822637000 	/System/Library/Frameworks/Accelerate.framework/Versions/A/Frameworks/vecLib.framework/Versions/A/vecLib
0x00007ff81c61c000 	/System/Library/Frameworks/Accelerate.framework/Versions/A/Frameworks/vecLib.framework/Versions/A/libvMisc.dylib
0x00007ff81ae82000 	/System/Library/Frameworks/Accelerate.framework/Versions/A/Frameworks/vecLib.framework/Versions/A/libvDSP.dylib
0x00007ff81051d000 	/System/Library/Frameworks/Accelerate.framework/Versions/A/Frameworks/vecLib.framework/Versions/A/libBLAS.dylib
0x00007ff81c157000 	/System/Library/Frameworks/Accelerate.framework/Versions/A/Frameworks/vecLib.framework/Versions/A/libLAPACK.dylib
0x00007ff81b3ff000 	/System/Library/Frameworks/Accelerate.framework/Versions/A/Frameworks/vecLib.framework/Versions/A/libLinearAlgebra.dylib
0x00007ff81c05d000 	/System/Library/Frameworks/Accelerate.framework/Versions/A/Frameworks/vecLib.framework/Versions/A/libSparseBLAS.dylib
0x00007ff81c151000 	/System/Library/Frameworks/Accelerate.framework/Versions/A/Frameworks/vecLib.framework/Versions/A/libQuadrature.dylib
0x00007ff81a760000 	/System/Library/Frameworks/Accelerate.framework/Versions/A/Frameworks/vecLib.framework/Versions/A/libBNNS.dylib
0x00007ff8106f1000 	/System/Library/Frameworks/Accelerate.framework/Versions/A/Frameworks/vecLib.framework/Versions/A/libSparse.dylib
0x00007ffb18554000 	/System/Library/PrivateFrameworks/MIL.framework/Versions/A/MIL
0x00007ff81be2e000 	/usr/lib/libiconv.2.dylib
0x00007ff81bd86000 	/usr/lib/libcharset.1.dylib
0x00007ff81833c000 	/System/Library/Frameworks/OpenDirectory.framework/Versions/A/Frameworks/CFOpenDirectory.framework/Versions/A/CFOpenDirectory
0x00007ff818330000 	/System/Library/Frameworks/OpenDirectory.framework/Versions/A/OpenDirectory
0x00007ff81c56f000 	/System/Library/PrivateFrameworks/APFS.framework/Versions/A/APFS
0x00007ff81b2b1000 	/System/Library/Frameworks/SecurityFoundation.framework/Versions/A/SecurityFoundation
0x00007ff81c5e8000 	/usr/lib/libutil.dylib
0x00007ffb176f2000 	/System/Library/PrivateFrameworks/InstalledContentLibrary.framework/Versions/A/InstalledContentLibrary
0x00007ff812c35000 	/System/Library/PrivateFrameworks/CoreServicesStore.framework/Versions/A/CoreServicesStore
0x00007ffa2e937000 	/System/Library/PrivateFrameworks/AppleMobileFileIntegrity.framework/Versions/A/AppleMobileFileIntegrity
0x00007ff914532000 	/usr/lib/libmis.dylib
0x00007ff922b23000 	/System/Library/PrivateFrameworks/MobileSystemServices.framework/Versions/A/MobileSystemServices
0x00007ffa1cc58000 	/System/Library/PrivateFrameworks/ConfigProfileHelper.framework/Versions/A/ConfigProfileHelper
0x00007ff81c022000 	/System/Library/PrivateFrameworks/AppleSauce.framework/Versions/A/AppleSauce
0x00007ff81148e000 	/System/Library/PrivateFrameworks/LanguageModeling.framework/Versions/A/LanguageModeling
0x00007ff81c5ec000 	/usr/lib/libxslt.1.dylib
0x00007ff81bf20000 	/usr/lib/libcmph.dylib
0x00007ff81b075000 	/System/Library/PrivateFrameworks/CoreEmoji.framework/Versions/A/CoreEmoji
0x00007ff81a75a000 	/System/Library/PrivateFrameworks/LinguisticData.framework/Versions/A/LinguisticData
0x00007ff8106a7000 	/System/Library/PrivateFrameworks/Lexicon.framework/Versions/A/Lexicon
0x00007ff81b33f000 	/System/Library/PrivateFrameworks/BackgroundTaskManagement.framework/Versions/A/BackgroundTaskManagement
0x00007ffb2b9fa000 	/usr/lib/libTLE.dylib
0x00007ffb2c959000 	/usr/lib/swift/libswift_RegexParser.dylib
0x00007ff81d404000 	/System/Library/PrivateFrameworks/AppleJPEG.framework/Versions/A/AppleJPEG
0x00007ff81cb53000 	/usr/lib/libexpat.1.dylib
0x00007ff81daae000 	/System/Library/Frameworks/ImageIO.framework/Versions/A/Resources/libPng.dylib
0x00007ff81dadb000 	/System/Library/Frameworks/ImageIO.framework/Versions/A/Resources/libTIFF.dylib
0x00007ff81dbcb000 	/System/Library/Frameworks/ImageIO.framework/Versions/A/Resources/libGIF.dylib
0x00007ff81d44f000 	/System/Library/Frameworks/ImageIO.framework/Versions/A/Resources/libJP2.dylib
0x00007ff81db6b000 	/System/Library/Frameworks/ImageIO.framework/Versions/A/Resources/libJPEG.dylib
0x00007ff81db62000 	/System/Library/Frameworks/ImageIO.framework/Versions/A/Resources/libRadiance.dylib
0x00007ff819a36000 	/System/Library/PrivateFrameworks/FontServices.framework/libFontParser.dylib
0x00007ff8161e6000 	/System/Library/PrivateFrameworks/RunningBoardServices.framework/Versions/A/RunningBoardServices
0x00007ff828871000 	/System/Library/PrivateFrameworks/IOSurfaceAccelerator.framework/Versions/A/IOSurfaceAccelerator
0x00007ff81d536000 	/System/Library/PrivateFrameworks/WatchdogClient.framework/Versions/A/WatchdogClient
0x00007ff8115f0000 	/System/Library/Frameworks/CoreDisplay.framework/Versions/A/CoreDisplay
0x00007ff819925000 	/System/Library/Frameworks/CoreMedia.framework/Versions/A/CoreMedia
0x00007ff819717000 	/System/Library/PrivateFrameworks/IOAccelerator.framework/Versions/A/IOAccelerator
0x00007ff8184b6000 	/System/Library/Frameworks/CoreVideo.framework/Versions/A/CoreVideo
0x00007ff81c070000 	/System/Library/Frameworks/MetalPerformanceShaders.framework/Versions/A/MetalPerformanceShaders
0x00007ff81d573000 	/System/Library/Frameworks/VideoToolbox.framework/Versions/A/VideoToolbox
0x00007ff81612a000 	/System/Library/PrivateFrameworks/BaseBoard.framework/Versions/A/BaseBoard
0x00007ff81db5b000 	/System/Library/PrivateFrameworks/GPUWrangler.framework/Versions/A/GPUWrangler
0x00007ff81db3f000 	/System/Library/PrivateFrameworks/IOPresentment.framework/Versions/A/IOPresentment
0x00007ff81db65000 	/System/Library/PrivateFrameworks/DSExternalDisplay.framework/Versions/A/DSExternalDisplay
0x00007ffb13d86000 	/System/Library/PrivateFrameworks/GPUCompiler.framework/Versions/31001/Libraries/libllvm-flatbuffers.dylib
0x00007ffa25d40000 	/System/Library/Frameworks/OpenGL.framework/Versions/A/Libraries/libCoreFSCache.dylib
0x00007ffb13d82000 	/System/Library/PrivateFrameworks/GPUCompiler.framework/Versions/31001/Libraries/libGPUCompilerUtils.dylib
0x00007ff81dbd1000 	/System/Library/PrivateFrameworks/CMCaptureCore.framework/Versions/A/CMCaptureCore
0x00007ffa28f37000 	/System/Library/Frameworks/ExtensionFoundation.framework/Versions/A/ExtensionFoundation
0x00007ff8245fd000 	/System/Library/PrivateFrameworks/CoreTime.framework/Versions/A/CoreTime
0x00007ff81d107000 	/System/Library/PrivateFrameworks/AppServerSupport.framework/Versions/A/AppServerSupport
0x00007ff81f48c000 	/System/Library/PrivateFrameworks/perfdata.framework/Versions/A/perfdata
0x00007ff81171c000 	/System/Library/PrivateFrameworks/AudioToolboxCore.framework/Versions/A/AudioToolboxCore
0x00007ff8198ff000 	/System/Library/PrivateFrameworks/caulk.framework/Versions/A/caulk
0x00007ff81ed59000 	/usr/lib/libAudioStatistics.dylib
0x00007ff9139ce000 	/System/Library/PrivateFrameworks/SystemPolicy.framework/Versions/A/SystemPolicy
0x00007ff81eff7000 	/usr/lib/libSMC.dylib
0x00007ff8280d9000 	/System/Library/Frameworks/CoreMIDI.framework/Versions/A/CoreMIDI
0x00007ff81da7c000 	/usr/lib/libAudioToolboxUtility.dylib
0x00007ff82d5fc000 	/System/Library/PrivateFrameworks/OSAServicesClient.framework/Versions/A/OSAServicesClient
0x00007ff81f499000 	/usr/lib/libperfcheck.dylib
0x00007ff81ca37000 	/System/Library/PrivateFrameworks/PlugInKit.framework/Versions/A/PlugInKit
0x00007ff81b2a4000 	/System/Library/PrivateFrameworks/AssertionServices.framework/Versions/A/AssertionServices
0x00007ffa25d9b000 	/System/Library/Frameworks/OpenGL.framework/Versions/A/Libraries/libGLU.dylib
0x00007ffa25d5f000 	/System/Library/Frameworks/OpenGL.framework/Versions/A/Libraries/libGFXShared.dylib
0x00007ffa25f68000 	/System/Library/Frameworks/OpenGL.framework/Versions/A/Libraries/libGL.dylib
0x00007ffa25d68000 	/System/Library/Frameworks/OpenGL.framework/Versions/A/Libraries/libGLImage.dylib
0x00007ffa25d5c000 	/System/Library/Frameworks/OpenGL.framework/Versions/A/Libraries/libCVMSPluginSupport.dylib
0x00007ffb2b9d9000 	/usr/lib/libRosetta.dylib
0x00007ffa25d47000 	/System/Library/Frameworks/OpenGL.framework/Versions/A/Libraries/libCoreVMClient.dylib
0x00007ff81a5e7000 	/System/Library/Frameworks/MetalPerformanceShaders.framework/Versions/A/Frameworks/MPSCore.framework/Versions/A/MPSCore
0x00007ff81b993000 	/System/Library/Frameworks/MetalPerformanceShaders.framework/Versions/A/Frameworks/MPSImage.framework/Versions/A/MPSImage
0x00007ff81b415000 	/System/Library/Frameworks/MetalPerformanceShaders.framework/Versions/A/Frameworks/MPSNeuralNetwork.framework/Versions/A/MPSNeuralNetwork
0x00007ff81b888000 	/System/Library/Frameworks/MetalPerformanceShaders.framework/Versions/A/Frameworks/MPSMatrix.framework/Versions/A/MPSMatrix
0x00007ff81b643000 	/System/Library/Frameworks/MetalPerformanceShaders.framework/Versions/A/Frameworks/MPSRayIntersector.framework/Versions/A/MPSRayIntersector
0x00007ff81b8c2000 	/System/Library/Frameworks/MetalPerformanceShaders.framework/Versions/A/Frameworks/MPSNDArray.framework/Versions/A/MPSNDArray
0x00007ffa2a2a2000 	/System/Library/Frameworks/MetalPerformanceShaders.framework/Versions/A/Frameworks/MPSFunctions.framework/Versions/A/MPSFunctions
0x00007ff8103de000 	/System/Library/PrivateFrameworks/MetalTools.framework/Versions/A/MetalTools
0x00007ff81a66d000 	/System/Library/PrivateFrameworks/AggregateDictionary.framework/Versions/A/AggregateDictionary
0x00007ff81c8f2000 	/usr/lib/libIOReport.dylib
0x00007ffa26a2f000 	/System/Library/Frameworks/OpenCL.framework/Versions/A/OpenCL
0x00007ff81cc99000 	/System/Library/PrivateFrameworks/GraphVisualizer.framework/Versions/A/GraphVisualizer
0x00007ffb13c87000 	/System/Library/PrivateFrameworks/FontServices.framework/Versions/A/FontServices
0x00007ff81d0c2000 	/System/Library/PrivateFrameworks/OTSVG.framework/Versions/A/OTSVG
0x00007ff818080000 	/System/Library/Frameworks/ApplicationServices.framework/Versions/A/Frameworks/ATS.framework/Versions/A/Resources/libFontRegistry.dylib
0x00007ff81d111000 	/System/Library/PrivateFrameworks/FontServices.framework/libhvf.dylib
0x00007ffb13c88000 	/System/Library/PrivateFrameworks/FontServices.framework/libXTFontStaticRegistryData.dylib
0x00007ffb24eb9000 	/System/Library/PrivateFrameworks/VideoToolboxParavirtualizationSupport.framework/Versions/A/VideoToolboxParavirtualizationSupport
0x00007ff81cb03000 	/System/Library/PrivateFrameworks/AppleVA.framework/Versions/A/AppleVA
0x00007ff81ed99000 	/System/Library/Frameworks/ApplicationServices.framework/Versions/A/Frameworks/ATS.framework/Versions/A/ATS
0x00007ff815598000 	/System/Library/Frameworks/ApplicationServices.framework/Versions/A/Frameworks/HIServices.framework/Versions/A/HIServices
0x00007ff81dbdd000 	/System/Library/Frameworks/ApplicationServices.framework/Versions/A/Frameworks/PrintCore.framework/Versions/A/PrintCore
0x00007ff81f14c000 	/System/Library/Frameworks/ApplicationServices.framework/Versions/A/Frameworks/QD.framework/Versions/A/QD
0x00007ff81f144000 	/System/Library/Frameworks/ApplicationServices.framework/Versions/A/Frameworks/ColorSyncLegacy.framework/Versions/A/ColorSyncLegacy
0x00007ff81ed6d000 	/System/Library/Frameworks/ApplicationServices.framework/Versions/A/Frameworks/SpeechSynthesis.framework/Versions/A/SpeechSynthesis
0x00007ff81db9b000 	/System/Library/Frameworks/ApplicationServices.framework/Versions/A/Frameworks/ATSUI.framework/Versions/A/ATSUI
0x00007ff81f0d7000 	/usr/lib/libcups.2.dylib
0x00007ff81f4a8000 	/System/Library/Frameworks/Kerberos.framework/Versions/A/Kerberos
0x00007ff81f4b7000 	/System/Library/Frameworks/GSS.framework/Versions/A/GSS
0x00007ff81ee07000 	/usr/lib/libresolv.9.dylib
0x00007ff81d122000 	/System/Library/PrivateFrameworks/Heimdal.framework/Versions/A/Heimdal
0x00007ff826205000 	/System/Library/Frameworks/Kerberos.framework/Versions/A/Libraries/libHeimdalProxy.dylib
0x00007ff81f502000 	/System/Library/PrivateFrameworks/CommonAuth.framework/Versions/A/CommonAuth
0x00007ffa2820d000 	/System/Library/Frameworks/AVFAudio.framework/Versions/A/AVFAudio
0x00007ff82d645000 	/System/Library/PrivateFrameworks/AXCoreUtilities.framework/Versions/A/AXCoreUtilities
0x00007ff81ece9000 	/System/Library/PrivateFrameworks/AudioSession.framework/Versions/A/AudioSession
0x00007ff8202e3000 	/System/Library/Frameworks/IOBluetooth.framework/Versions/A/IOBluetooth
0x00007ff81cc09000 	/System/Library/PrivateFrameworks/MediaExperience.framework/Versions/A/MediaExperience
0x00007ff81eb90000 	/System/Library/PrivateFrameworks/AudioSession.framework/libSessionUtility.dylib
0x00007ff81f158000 	/System/Library/PrivateFrameworks/AudioResourceArbitration.framework/Versions/A/AudioResourceArbitration
0x00007ff82323c000 	/System/Library/PrivateFrameworks/PowerLog.framework/Versions/A/PowerLog
0x00007ff82317e000 	/System/Library/Frameworks/CoreBluetooth.framework/Versions/A/CoreBluetooth
0x00007ff826206000 	/System/Library/Frameworks/AudioUnit.framework/Versions/A/AudioUnit
0x00007ff81b10e000 	/System/Library/PrivateFrameworks/CoreUtils.framework/Versions/A/CoreUtils
0x00007ffb12838000 	/System/Library/PrivateFrameworks/CoreUtilsExtras.framework/Versions/A/CoreUtilsExtras
0x00007ffb17589000 	/System/Library/PrivateFrameworks/IO80211.framework/Versions/A/IO80211
0x00007ff81cb77000 	/System/Library/PrivateFrameworks/IconFoundation.framework/Versions/A/IconFoundation
0x00007ff82225b000 	/System/Library/PrivateFrameworks/SpeechRecognitionCore.framework/Versions/A/SpeechRecognitionCore
0x000000010e487000 	/Library/Java/JavaVirtualMachines/jdk1.8.0_202.jdk/Contents/Home/jre/lib/server/libjvm.dylib
0x00007ff91443e000 	/usr/lib/libstdc++.6.dylib
0x000000010d51c000 	/Library/Java/JavaVirtualMachines/jdk1.8.0_202.jdk/Contents/Home/jre/lib/libverify.dylib
0x000000010d571000 	/Library/Java/JavaVirtualMachines/jdk1.8.0_202.jdk/Contents/Home/jre/lib/libjava.dylib
0x000000010d5e6000 	/Library/Java/JavaVirtualMachines/jdk1.8.0_202.jdk/Contents/Home/jre/lib/libinstrument.dylib
0x000000010d54c000 	/Library/Java/JavaVirtualMachines/jdk1.8.0_202.jdk/Contents/Home/jre/lib/libzip.dylib
0x000000012617a000 	/Library/Java/JavaVirtualMachines/jdk1.8.0_202.jdk/Contents/Home/jre/lib/libnet.dylib
0x000000012644c000 	/Library/Java/JavaVirtualMachines/jdk1.8.0_202.jdk/Contents/Home/jre/lib/libprism_es2.dylib
0x00007ffa25f73000 	/System/Library/Frameworks/OpenGL.framework/Versions/A/Resources/GLEngine.bundle/GLEngine
0x00007ffa25dd9000 	/System/Library/Frameworks/OpenGL.framework/Versions/A/Libraries/libGLProgrammability.dylib
0x000000012667a000 	/System/Library/Extensions/AppleMetalOpenGLRenderer.bundle/Contents/MacOS/AppleMetalOpenGLRenderer
0x00007ffa260fd000 	/System/Library/Frameworks/OpenGL.framework/Versions/A/Resources/GLRendererFloat.bundle/GLRendererFloat
0x00007ffa277fd000 	/System/Library/Extensions/AGXMetalG14G.bundle/Contents/MacOS/AGXMetalG14G
0x00007ff914545000 	/System/Library/PrivateFrameworks/GPURawCounter.framework/Versions/A/GPURawCounter
0x00007ff82c6dc000 	/System/Library/PrivateFrameworks/IOGPU.framework/Versions/A/IOGPU
0x0000000126950000 	/Library/Java/JavaVirtualMachines/jdk1.8.0_202.jdk/Contents/Home/jre/lib/libglass.dylib
0x00007ff82382e000 	/System/Library/Frameworks/FileProvider.framework/Versions/A/FileProvider
0x00007ff816095000 	/System/Library/Frameworks/Accounts.framework/Versions/A/Accounts
0x00007ff818545000 	/System/Library/PrivateFrameworks/UserManagement.framework/Versions/A/UserManagement
0x00007ff8239b9000 	/System/Library/PrivateFrameworks/GenerationalStorage.framework/Versions/A/GenerationalStorage
0x00007ff82452c000 	/System/Library/PrivateFrameworks/CoreSymbolication.framework/Versions/A/CoreSymbolication
0x00007ff823231000 	/System/Library/PrivateFrameworks/SymptomDiagnosticReporter.framework/Versions/A/SymptomDiagnosticReporter
0x00007ff813f7b000 	/System/Library/PrivateFrameworks/DesktopServicesPriv.framework/Versions/A/DesktopServicesPriv
0x00007ff812d3f000 	/usr/lib/libsandbox.1.dylib
0x00007ff8244f1000 	/System/Library/PrivateFrameworks/DebugSymbols.framework/Versions/A/DebugSymbols
0x00007ff81f139000 	/System/Library/PrivateFrameworks/NetAuth.framework/Versions/A/NetAuth
0x00007ff820166000 	/System/Library/PrivateFrameworks/Sharing.framework/Versions/A/Sharing
0x00007ff81850b000 	/System/Library/PrivateFrameworks/login.framework/Versions/A/Frameworks/loginsupport.framework/Versions/A/loginsupport
0x00007ff82572a000 	/System/Library/PrivateFrameworks/Apple80211.framework/Versions/A/Apple80211
0x00007ff81ba7c000 	/System/Library/PrivateFrameworks/AuthKit.framework/Versions/A/AuthKit
0x00007ff81b094000 	/System/Library/Frameworks/CoreWLAN.framework/Versions/A/CoreWLAN
0x00007ff82572e000 	/System/Library/PrivateFrameworks/CoreWiFi.framework/Versions/A/CoreWiFi
0x00007ffa16c4c000 	/System/Library/PrivateFrameworks/WiFiPeerToPeer.framework/Versions/A/WiFiPeerToPeer
0x00007ff82409c000 	/System/Library/PrivateFrameworks/FrontBoardServices.framework/Versions/A/FrontBoardServices
0x00007ff824134000 	/System/Library/PrivateFrameworks/BoardServices.framework/Versions/A/BoardServices
0x00007ff82588d000 	/System/Library/PrivateFrameworks/BackBoardServices.framework/Versions/A/BackBoardServices
0x00007ff81bbea000 	/System/Library/Frameworks/UserNotifications.framework/Versions/A/UserNotifications
0x00007ff81f5f7000 	/System/Library/PrivateFrameworks/CorePhoneNumbers.framework/Versions/A/CorePhoneNumbers
0x00007ff81ee34000 	/System/Library/PrivateFrameworks/MultiverseSupport.framework/Versions/A/MultiverseSupport
0x00007ff825b08000 	/System/Library/PrivateFrameworks/RemoteServiceDiscovery.framework/Versions/A/RemoteServiceDiscovery
0x00007ff82334f000 	/System/Library/PrivateFrameworks/DiskManagement.framework/Versions/A/DiskManagement
0x00007ff823263000 	/System/Library/PrivateFrameworks/AppleIDAuthSupport.framework/Versions/A/AppleIDAuthSupport
0x00007ffa2cd68000 	/System/Library/PrivateFrameworks/AAAFoundation.framework/Versions/A/AAAFoundation
0x00007ff81f5d0000 	/System/Library/PrivateFrameworks/KeychainCircle.framework/Versions/A/KeychainCircle
0x00007ff825b18000 	/System/Library/PrivateFrameworks/RemoteXPC.framework/Versions/A/RemoteXPC
0x00007ff82331b000 	/System/Library/PrivateFrameworks/MediaKit.framework/Versions/A/MediaKit
0x00007ff82326f000 	/System/Library/Frameworks/DiscRecording.framework/Versions/A/DiscRecording
0x00007ff81ca7b000 	/usr/lib/libCoreStorage.dylib
0x00007ff825b83000 	/usr/lib/libcsfde.dylib
0x00007ff8203b4000 	/System/Library/PrivateFrameworks/ProtectedCloudStorage.framework/Versions/A/ProtectedCloudStorage
0x00007ff825b7f000 	/System/Library/PrivateFrameworks/EFILogin.framework/Versions/A/EFILogin
0x00007ff8239df000 	/System/Library/PrivateFrameworks/OctagonTrust.framework/Versions/A/OctagonTrust
0x00007ff81ca73000 	/usr/lib/libMatch.1.dylib
0x00007ff9191a2000 	/System/Library/Frameworks/Accelerate.framework/Versions/A/Frameworks/vImage.framework/Versions/A/Libraries/libCGInterfaces.dylib
0x000000012868d000 	/usr/lib/libobjc-trampolines.dylib
0x00007ffb2b795000 	/usr/lib/libAccessibilityBaseImplementations.dylib
0x00007ff828879000 	/System/Library/PrivateFrameworks/FamilyControls.framework/Versions/A/FamilyControls
0x00007ff82889d000 	/System/Library/PrivateFrameworks/CommerceKit.framework/Versions/A/Frameworks/CommerceCore.framework/Versions/A/CommerceCore
0x00007ff822981000 	/System/Library/PrivateFrameworks/SystemAdministration.framework/Versions/A/SystemAdministration
0x00007ff82039b000 	/System/Library/PrivateFrameworks/AppContainer.framework/Versions/A/AppContainer
0x00007ff8203b0000 	/System/Library/PrivateFrameworks/SecCodeWrapper.framework/Versions/A/SecCodeWrapper
0x00007ff81c8fb000 	/System/Library/PrivateFrameworks/CrashReporterSupport.framework/Versions/A/CrashReporterSupport
0x00007ff921d7c000 	/System/Library/PrivateFrameworks/OSAnalytics.framework/Versions/A/OSAnalytics
0x00007ff92da55000 	/System/Library/PrivateFrameworks/Symbolication.framework/Versions/A/Symbolication
0x00007ff914504000 	/System/Library/PrivateFrameworks/MallocStackLogging.framework/Versions/A/MallocStackLogging
0x00007ff81d1d9000 	/System/Library/PrivateFrameworks/login.framework/Versions/A/login
0x00007ff81de14000 	/System/Library/Frameworks/MediaToolbox.framework/Versions/A/MediaToolbox
0x00007ff822227000 	/System/Library/Frameworks/DirectoryService.framework/Versions/A/DirectoryService
0x00007ff825a20000 	/System/Library/PrivateFrameworks/DiskImages.framework/Versions/A/DiskImages
0x00007ff81b361000 	/System/Library/Frameworks/ServiceManagement.framework/Versions/A/ServiceManagement
0x00007ff825c00000 	/System/Library/PrivateFrameworks/LoginUIKit.framework/Versions/A/Frameworks/LoginUICore.framework/Versions/A/LoginUICore
0x00007ff81d394000 	/usr/lib/libodfde.dylib
0x00007ff8237fe000 	/System/Library/PrivateFrameworks/CoreAVCHD.framework/Versions/A/CoreAVCHD
0x00007ff82294d000 	/System/Library/Frameworks/MediaAccessibility.framework/Versions/A/MediaAccessibility
0x00007ff8237fa000 	/System/Library/PrivateFrameworks/Mangrove.framework/Versions/A/Mangrove
0x00007ffa2f3c5000 	/System/Library/PrivateFrameworks/CMPhoto.framework/Versions/A/CMPhoto
0x00007ff8243c5000 	/System/Library/PrivateFrameworks/AppleVPA.framework/Versions/A/AppleVPA
0x00007ff82343f000 	/System/Library/PrivateFrameworks/CoreAUC.framework/Versions/A/CoreAUC
0x00007ff825b8f000 	/usr/lib/libcurl.4.dylib
0x00007ffb2be75000 	/usr/lib/libcrypto.46.dylib
0x00007ffb2c514000 	/usr/lib/libssl.48.dylib
0x00007ff8258ae000 	/System/Library/Frameworks/LDAP.framework/Versions/A/LDAP
0x00007ff8258ea000 	/System/Library/PrivateFrameworks/TrustEvaluationAgent.framework/Versions/A/TrustEvaluationAgent
0x00007ff81ee20000 	/usr/lib/libsasl2.2.dylib
0x00007ff818224000 	/System/Library/PrivateFrameworks/ViewBridge.framework/Versions/A/ViewBridge
0x000000012a0ac000 	/Library/Java/JavaVirtualMachines/jdk1.8.0_202.jdk/Contents/Home/jre/lib/libjavafx_iio.dylib
0x000000012a156000 	/Library/Java/JavaVirtualMachines/jdk1.8.0_202.jdk/Contents/Home/jre/lib/libjavafx_font.dylib
0x000000013019d000 	/Library/Java/JavaVirtualMachines/jdk1.8.0_202.jdk/Contents/Home/jre/lib/libprism_common.dylib
0x000000013aa63000 	/Library/Java/JavaVirtualMachines/jdk1.8.0_202.jdk/Contents/Home/jre/lib/libawt.dylib
0x000000013ac81000 	/Library/Java/JavaVirtualMachines/jdk1.8.0_202.jdk/Contents/Home/jre/lib/libmlib_image.dylib
0x00007ffa294e3000 	/System/Library/Frameworks/JavaNativeFoundation.framework/Versions/A/JavaNativeFoundation
0x00007ffa294ef000 	/System/Library/Frameworks/JavaRuntimeSupport.framework/Versions/A/JavaRuntimeSupport
0x00007ff9133e5000 	/System/Library/Frameworks/Carbon.framework/Versions/A/Carbon
0x00007ff829d89000 	/System/Library/Frameworks/Carbon.framework/Versions/A/Frameworks/CommonPanels.framework/Versions/A/CommonPanels
0x00007ff825b7b000 	/System/Library/Frameworks/Carbon.framework/Versions/A/Frameworks/Help.framework/Versions/A/Help
0x00007ff829d8d000 	/System/Library/Frameworks/Carbon.framework/Versions/A/Frameworks/ImageCapture.framework/Versions/A/ImageCapture
0x00007ff829d5d000 	/System/Library/Frameworks/Carbon.framework/Versions/A/Frameworks/OpenScripting.framework/Versions/A/OpenScripting
0x00007ff829d85000 	/System/Library/Frameworks/Carbon.framework/Versions/A/Frameworks/Ink.framework/Versions/A/Ink
0x00007ff9133e1000 	/System/Library/Frameworks/Carbon.framework/Versions/A/Frameworks/Print.framework/Versions/A/Print
0x00007ff829d81000 	/System/Library/Frameworks/Carbon.framework/Versions/A/Frameworks/SecurityHI.framework/Versions/A/SecurityHI
0x000000013ae09000 	/Library/Java/JavaVirtualMachines/jdk1.8.0_202.jdk/Contents/Home/jre/lib/libawt_lwawt.dylib
0x000000013a9f8000 	/Library/Java/JavaVirtualMachines/jdk1.8.0_202.jdk/Contents/Home/jre/lib/libosxapp.dylib
0x00007ff912599000 	/System/Library/Frameworks/ExceptionHandling.framework/Versions/A/ExceptionHandling
0x000000013b829000 	/Library/Java/JavaVirtualMachines/jdk1.8.0_202.jdk/Contents/Home/jre/lib/libnio.dylib
0x000000013bba9000 	/Library/Java/JavaVirtualMachines/jdk1.8.0_202.jdk/Contents/Home/jre/lib/libfontmanager.dylib
0x0000000170114000 	/Library/Java/JavaVirtualMachines/jdk1.8.0_202.jdk/Contents/Home/jre/lib/libosxui.dylib
0x00000001720d8000 	/Library/Java/JavaVirtualMachines/jdk1.8.0_202.jdk/Contents/Home/jre/lib/libdcpr.dylib

VM Arguments:
jvm_args: -javaagent:/Applications/IntelliJ IDEA.app/Contents/lib/idea_rt.jar=49672:/Applications/IntelliJ IDEA.app/Contents/bin -Dfile.encoding=UTF-8 
java_command: lk.ijse.spicesystem.AppInitializer
java_class_path (initial): /Library/Java/JavaVirtualMachines/jdk1.8.0_202.jdk/Contents/Home/jre/lib/charsets.jar:/Library/Java/JavaVirtualMachines/jdk1.8.0_202.jdk/Contents/Home/jre/lib/deploy.jar:/Library/Java/JavaVirtualMachines/jdk1.8.0_202.jdk/Contents/Home/jre/lib/ext/cldrdata.jar:/Library/Java/JavaVirtualMachines/jdk1.8.0_202.jdk/Contents/Home/jre/lib/ext/dnsns.jar:/Library/Java/JavaVirtualMachines/jdk1.8.0_202.jdk/Contents/Home/jre/lib/ext/jaccess.jar:/Library/Java/JavaVirtualMachines/jdk1.8.0_202.jdk/Contents/Home/jre/lib/ext/jfxrt.jar:/Library/Java/JavaVirtualMachines/jdk1.8.0_202.jdk/Contents/Home/jre/lib/ext/localedata.jar:/Library/Java/JavaVirtualMachines/jdk1.8.0_202.jdk/Contents/Home/jre/lib/ext/nashorn.jar:/Library/Java/JavaVirtualMachines/jdk1.8.0_202.jdk/Contents/Home/jre/lib/ext/sunec.jar:/Library/Java/JavaVirtualMachines/jdk1.8.0_202.jdk/Contents/Home/jre/lib/ext/sunjce_provider.jar:/Library/Java/JavaVirtualMachines/jdk1.8.0_202.jdk/Contents/Home/jre/lib/ext/sunpkcs11.jar:/Library/Java/JavaVirtualMachines/jdk1.8.0_202.jdk/Contents/Home/jre/lib/ext/zipfs.jar:/Library/Java/JavaVirtualMachines/jdk1.8.0_202.jdk/Contents/Home/jre/lib/javaws.jar:/Library/Java/JavaVirtualMachines/jdk1.8.0_202.jdk/Contents/Home/jre/lib/jce.jar:/Library/Java/JavaVirtualMachines/jdk1.8.0_202.jdk/Contents/Home/jre/lib/jfr.jar:/Library/Java/JavaVirtualMachines/jdk1.8.0_202.jdk/Contents/Home/jre/lib/jfxswt.jar:/Library/Java/JavaVirtualMachines/jdk1.8.0_202.jdk/Contents/Home/jre/lib/jsse.jar:/Library/Java/JavaVirtualMachines/jdk1.8.0_202.jdk/Contents/Home/jre/lib/management-agent.jar:/Library/Java/JavaVirtualMachines/jdk1.8.0_202.jdk/Contents/Home/jre/lib/plugin.jar:/Library/Java/JavaVirtualMachines/jdk1.8.0_202.jdk/Contents/Home/jre/lib/resources.jar:/Library/Java/JavaVirtualMachines/jdk1.8.0_202.jdk/Contents/Home/jre/lib/rt.jar:/Users/ushan_kaushalya/Software Engineering EDU/IJSE/1st Semester/Final Project/SpiceSystem/out/production/SpiceSystem:/Users/ushan_kaushalya/Softwa
Launcher Type: SUN_STANDARD

Environment Variables:
PATH=/opt/homebrew/lib/ruby/gems/3.2.0/bin:/opt/homebrew/opt/ruby/bin:/opt/homebrew/bin:/opt/homebrew/sbin:/usr/local/bin:/System/Cryptexes/App/usr/bin:/usr/bin:/bin:/usr/sbin:/sbin:/usr/local/mysql-8.0.31-macos12-arm64/bin:/Users/ushan_kaushalya/Library/Android/sdk/emulator:/Users/ushan_kaushalya/Library/Android/sdk/platform-tools
SHELL=/bin/zsh

Signal Handlers:
SIGSEGV: [libjvm.dylib+0x5b719d], sa_mask[0]=11111111111111111111111111111111, sa_flags=SA_ONSTACK|SA_RESTART|SA_SIGINFO
SIGBUS: [libjvm.dylib+0x5b719d], sa_mask[0]=11111111111111111111111111111111, sa_flags=SA_RESTART|SA_SIGINFO
SIGFPE: [libjvm.dylib+0x48c8fc], sa_mask[0]=11111111111111111111111111111111, sa_flags=SA_RESTART|SA_SIGINFO
SIGPIPE: [libjvm.dylib+0x48c8fc], sa_mask[0]=11111111111111111111111111111111, sa_flags=SA_RESTART|SA_SIGINFO
SIGXFSZ: [libjvm.dylib+0x48c8fc], sa_mask[0]=11111111111111111111111111111111, sa_flags=SA_RESTART|SA_SIGINFO
SIGILL: [libjvm.dylib+0x48c8fc], sa_mask[0]=11111111111111111111111111111111, sa_flags=SA_RESTART|SA_SIGINFO
SIGUSR1: SIG_DFL, sa_mask[0]=00000000000000000000000000000000, sa_flags=none
SIGUSR2: [libjvm.dylib+0x48c41a], sa_mask[0]=00100000000000000000000000000000, sa_flags=SA_RESTART|SA_SIGINFO
SIGHUP: [libjvm.dylib+0x48a9a5], sa_mask[0]=11111111111111111111111111111111, sa_flags=SA_RESTART|SA_SIGINFO
SIGINT: [libjvm.dylib+0x48a9a5], sa_mask[0]=11111111111111111111111111111111, sa_flags=SA_RESTART|SA_SIGINFO
SIGTERM: [libjvm.dylib+0x48a9a5], sa_mask[0]=11111111111111111111111111111111, sa_flags=SA_RESTART|SA_SIGINFO
SIGQUIT: [libjvm.dylib+0x48a9a5], sa_mask[0]=11111111111111111111111111111111, sa_flags=SA_RESTART|SA_SIGINFO


---------------  S Y S T E M  ---------------

OS:Bsduname:Darwin 22.2.0 Darwin Kernel Version 22.2.0: Fri Nov 11 02:06:26 PST 2022; root:xnu-8792.61.2~4/RELEASE_ARM64_T8112 x86_64
rlimit: STACK 8176k, CORE 0k, NPROC 1333, NOFILE 10240, AS infinity
load average:1.91 1.88 1.98

CPU:total 8 (initial active 8) (1 cores per cpu, 1 threads per core) family 6 model 44 stepping 0, cmov, cx8, fxsr, mmx, sse, sse2, sse3, ssse3, sse4.1, sse4.2, popcnt, aes, clmul, tsc, tscinvbit, tscinv

Memory: 4k page, physical 8388608k(30604k free)

/proc/meminfo:


vm_info: Java HotSpot(TM) 64-Bit Server VM (25.202-b08) for bsd-amd64 JRE (1.8.0_202-b08), built on Dec 15 2018 20:16:16 by "java_re" with gcc 4.2.1 (Based on Apple Inc. build 5658) (LLVM build 2336.11.00)

time: Fri Feb  3 09:27:49 2023
timezone: +0530
elapsed time: 29 seconds (0d 0h 0m 29s)

